Determining if the pthread_create exist failed with the following output:
Change Dir: /home/n-31v/robotic-software/ros_workspace/nxt_lejos_ros_msgs/build/CMakeFiles/CMakeTmp

Run Build Command:"/usr/bin/make" "cmTC_4c72f/fast"
make[1]: вход в каталог «/home/n-31v/robotic-software/ros_workspace/nxt_lejos_ros_msgs/build/CMakeFiles/CMakeTmp»
/usr/bin/make -f CMakeFiles/cmTC_4c72f.dir/build.make CMakeFiles/cmTC_4c72f.dir/build
make[2]: вход в каталог «/home/n-31v/robotic-software/ros_workspace/nxt_lejos_ros_msgs/build/CMakeFiles/CMakeTmp»
Building C object CMakeFiles/cmTC_4c72f.dir/CheckSymbolExists.c.o
/usr/bin/cc     -o CMakeFiles/cmTC_4c72f.dir/CheckSymbolExists.c.o   -c /home/n-31v/robotic-software/ros_workspace/nxt_lejos_ros_msgs/build/CMakeFiles/CMakeTmp/CheckSymbolExists.c
Linking C executable cmTC_4c72f
/usr/bin/cmake -E cmake_link_script CMakeFiles/cmTC_4c72f.dir/link.txt --verbose=1
/usr/bin/cc       CMakeFiles/cmTC_4c72f.dir/CheckSymbolExists.c.o  -o cmTC_4c72f -rdynamic 
CMakeFiles/cmTC_4c72f.dir/CheckSymbolExists.c.o: In function `main':
CheckSymbolExists.c:(.text+0x16): undefined reference to `pthread_create'
collect2: error: ld returned 1 exit status
CMakeFiles/cmTC_4c72f.dir/build.make:97: ошибка выполнения рецепта для цели «cmTC_4c72f»
make[2]: *** [cmTC_4c72f] Ошибка 1
make[2]: выход из каталога «/home/n-31v/robotic-software/ros_workspace/nxt_lejos_ros_msgs/build/CMakeFiles/CMakeTmp»
Makefile:126: ошибка выполнения рецепта для цели «cmTC_4c72f/fast»
make[1]: *** [cmTC_4c72f/fast] Ошибка 2
make[1]: выход из каталога «/home/n-31v/robotic-software/ros_workspace/nxt_lejos_ros_msgs/build/CMakeFiles/CMakeTmp»

File /home/n-31v/robotic-software/ros_workspace/nxt_lejos_ros_msgs/build/CMakeFiles/CMakeTmp/CheckSymbolExists.c:
/* */
#include <pthread.h>

int main(int argc, char** argv)
{
  (void)argv;
#ifndef pthread_create
  return ((int*)(&pthread_create))[argc];
#else
  (void)argc;
  return 0;
#endif
}

Determining if the function pthread_create exists in the pthreads failed with the following output:
Change Dir: /home/n-31v/robotic-software/ros_workspace/nxt_lejos_ros_msgs/build/CMakeFiles/CMakeTmp

Run Build Command:"/usr/bin/make" "cmTC_db647/fast"
make[1]: вход в каталог «/home/n-31v/robotic-software/ros_workspace/nxt_lejos_ros_msgs/build/CMakeFiles/CMakeTmp»
/usr/bin/make -f CMakeFiles/cmTC_db647.dir/build.make CMakeFiles/cmTC_db647.dir/build
make[2]: вход в каталог «/home/n-31v/robotic-software/ros_workspace/nxt_lejos_ros_msgs/build/CMakeFiles/CMakeTmp»
Building C object CMakeFiles/cmTC_db647.dir/CheckFunctionExists.c.o
/usr/bin/cc    -DCHECK_FUNCTION_EXISTS=pthread_create   -o CMakeFiles/cmTC_db647.dir/CheckFunctionExists.c.o   -c /usr/share/cmake-3.5/Modules/CheckFunctionExists.c
Linking C executable cmTC_db647
/usr/bin/cmake -E cmake_link_script CMakeFiles/cmTC_db647.dir/link.txt --verbose=1
/usr/bin/cc   -DCHECK_FUNCTION_EXISTS=pthread_create    CMakeFiles/cmTC_db647.dir/CheckFunctionExists.c.o  -o cmTC_db647 -rdynamic -lpthreads 
/usr/bin/ld: cannot find -lpthreads
collect2: error: ld returned 1 exit status
CMakeFiles/cmTC_db647.dir/build.make:97: ошибка выполнения рецепта для цели «cmTC_db647»
make[2]: *** [cmTC_db647] Ошибка 1
make[2]: выход из каталога «/home/n-31v/robotic-software/ros_workspace/nxt_lejos_ros_msgs/build/CMakeFiles/CMakeTmp»
Makefile:126: ошибка выполнения рецепта для цели «cmTC_db647/fast»
make[1]: *** [cmTC_db647/fast] Ошибка 2
make[1]: выход из каталога «/home/n-31v/robotic-software/ros_workspace/nxt_lejos_ros_msgs/build/CMakeFiles/CMakeTmp»


