Determining if the pthread_create exist failed with the following output:
Change Dir: /home/n-31v/robotic-software/ros_workspace/camera/build/CMakeFiles/CMakeTmp

Run Build Command:"/usr/bin/make" "cmTC_99061/fast"
make[1]: вход в каталог «/home/n-31v/robotic-software/ros_workspace/camera/build/CMakeFiles/CMakeTmp»
/usr/bin/make -f CMakeFiles/cmTC_99061.dir/build.make CMakeFiles/cmTC_99061.dir/build
make[2]: вход в каталог «/home/n-31v/robotic-software/ros_workspace/camera/build/CMakeFiles/CMakeTmp»
Building C object CMakeFiles/cmTC_99061.dir/CheckSymbolExists.c.o
/usr/bin/cc     -o CMakeFiles/cmTC_99061.dir/CheckSymbolExists.c.o   -c /home/n-31v/robotic-software/ros_workspace/camera/build/CMakeFiles/CMakeTmp/CheckSymbolExists.c
Linking C executable cmTC_99061
/usr/bin/cmake -E cmake_link_script CMakeFiles/cmTC_99061.dir/link.txt --verbose=1
/usr/bin/cc       CMakeFiles/cmTC_99061.dir/CheckSymbolExists.c.o  -o cmTC_99061 -rdynamic 
CMakeFiles/cmTC_99061.dir/CheckSymbolExists.c.o: In function `main':
CheckSymbolExists.c:(.text+0x16): undefined reference to `pthread_create'
collect2: error: ld returned 1 exit status
CMakeFiles/cmTC_99061.dir/build.make:97: ошибка выполнения рецепта для цели «cmTC_99061»
make[2]: *** [cmTC_99061] Ошибка 1
make[2]: выход из каталога «/home/n-31v/robotic-software/ros_workspace/camera/build/CMakeFiles/CMakeTmp»
Makefile:126: ошибка выполнения рецепта для цели «cmTC_99061/fast»
make[1]: *** [cmTC_99061/fast] Ошибка 2
make[1]: выход из каталога «/home/n-31v/robotic-software/ros_workspace/camera/build/CMakeFiles/CMakeTmp»

File /home/n-31v/robotic-software/ros_workspace/camera/build/CMakeFiles/CMakeTmp/CheckSymbolExists.c:
/* */
#include <pthread.h>

int main(int argc, char** argv)
{
  (void)argv;
#ifndef pthread_create
  return ((int*)(&pthread_create))[argc];
#else
  (void)argc;
  return 0;
#endif
}

Determining if the function pthread_create exists in the pthreads failed with the following output:
Change Dir: /home/n-31v/robotic-software/ros_workspace/camera/build/CMakeFiles/CMakeTmp

Run Build Command:"/usr/bin/make" "cmTC_3ee9d/fast"
make[1]: вход в каталог «/home/n-31v/robotic-software/ros_workspace/camera/build/CMakeFiles/CMakeTmp»
/usr/bin/make -f CMakeFiles/cmTC_3ee9d.dir/build.make CMakeFiles/cmTC_3ee9d.dir/build
make[2]: вход в каталог «/home/n-31v/robotic-software/ros_workspace/camera/build/CMakeFiles/CMakeTmp»
Building C object CMakeFiles/cmTC_3ee9d.dir/CheckFunctionExists.c.o
/usr/bin/cc    -DCHECK_FUNCTION_EXISTS=pthread_create   -o CMakeFiles/cmTC_3ee9d.dir/CheckFunctionExists.c.o   -c /usr/share/cmake-3.5/Modules/CheckFunctionExists.c
Linking C executable cmTC_3ee9d
/usr/bin/cmake -E cmake_link_script CMakeFiles/cmTC_3ee9d.dir/link.txt --verbose=1
/usr/bin/cc   -DCHECK_FUNCTION_EXISTS=pthread_create    CMakeFiles/cmTC_3ee9d.dir/CheckFunctionExists.c.o  -o cmTC_3ee9d -rdynamic -lpthreads 
/usr/bin/ld: cannot find -lpthreads
collect2: error: ld returned 1 exit status
CMakeFiles/cmTC_3ee9d.dir/build.make:97: ошибка выполнения рецепта для цели «cmTC_3ee9d»
make[2]: *** [cmTC_3ee9d] Ошибка 1
make[2]: выход из каталога «/home/n-31v/robotic-software/ros_workspace/camera/build/CMakeFiles/CMakeTmp»
Makefile:126: ошибка выполнения рецепта для цели «cmTC_3ee9d/fast»
make[1]: *** [cmTC_3ee9d/fast] Ошибка 2
make[1]: выход из каталога «/home/n-31v/robotic-software/ros_workspace/camera/build/CMakeFiles/CMakeTmp»


